Started GET "/" for 127.0.0.1 at 2018-11-27 14:48:41 -0800
Processing by PagesController#index as HTML
  Rendering pages/index.html.erb within layouts/application
  Rendered pages/index.html.erb within layouts/application (3.9ms)
Completed 200 OK in 2614ms (Views: 2137.7ms)


Started GET "/" for 127.0.0.1 at 2018-11-27 14:49:01 -0800
Processing by PagesController#index as HTML
  Rendering pages/index.html.erb within layouts/application
  Rendered pages/index.html.erb within layouts/application (1.0ms)
Completed 200 OK in 348ms (Views: 279.0ms)


Started GET "/adventures" for 127.0.0.1 at 2018-11-27 14:49:11 -0800
Processing by AdventuresController#index as HTML
  Rendering adventures/index.html.erb within layouts/application
  Rendered adventures/index.html.erb within layouts/application (1.5ms)
Completed 200 OK in 397ms (Views: 329.4ms)


Started GET "/adventures/create" for 127.0.0.1 at 2018-11-27 14:50:17 -0800
Processing by AdventuresController#show as HTML
  Parameters: {"id"=>"create"}
  Rendering adventures/show.html.erb within layouts/application
  Rendered adventures/show.html.erb within layouts/application (0.0ms)
Completed 200 OK in 351ms (Views: 284.3ms)


Started GET "/adventures" for 127.0.0.1 at 2018-11-27 14:51:29 -0800
Processing by AdventuresController#index as HTML
Completed 500 Internal Server Error in 7ms


  
NameError (uninitialized constant AdventuresController::Adventures):
  
app/controllers/adventures_controller.rb:3:in `index'
Started GET "/adventures" for 127.0.0.1 at 2018-11-27 20:55:29 -0800
  
ActiveRecord::PendingMigrationError (

Migrations are pending. To resolve this issue, run:

        bin/rails db:migrate RAILS_ENV=development

):
  
activerecord (5.1.6) lib/active_record/migration.rb:576:in `check_pending!'
activerecord (5.1.6) lib/active_record/migration.rb:553:in `call'
actionpack (5.1.6) lib/action_dispatch/middleware/callbacks.rb:26:in `block in call'
activesupport (5.1.6) lib/active_support/callbacks.rb:97:in `run_callbacks'
actionpack (5.1.6) lib/action_dispatch/middleware/callbacks.rb:24:in `call'
actionpack (5.1.6) lib/action_dispatch/middleware/executor.rb:12:in `call'
actionpack (5.1.6) lib/action_dispatch/middleware/debug_exceptions.rb:59:in `call'
web-console (3.7.0) lib/web_console/middleware.rb:135:in `call_app'
web-console (3.7.0) lib/web_console/middleware.rb:30:in `block in call'
web-console (3.7.0) lib/web_console/middleware.rb:20:in `catch'
web-console (3.7.0) lib/web_console/middleware.rb:20:in `call'
actionpack (5.1.6) lib/action_dispatch/middleware/show_exceptions.rb:31:in `call'
railties (5.1.6) lib/rails/rack/logger.rb:36:in `call_app'
railties (5.1.6) lib/rails/rack/logger.rb:24:in `block in call'
activesupport (5.1.6) lib/active_support/tagged_logging.rb:69:in `block in tagged'
activesupport (5.1.6) lib/active_support/tagged_logging.rb:26:in `tagged'
activesupport (5.1.6) lib/active_support/tagged_logging.rb:69:in `tagged'
railties (5.1.6) lib/rails/rack/logger.rb:24:in `call'
sprockets-rails (3.2.1) lib/sprockets/rails/quiet_assets.rb:13:in `call'
actionpack (5.1.6) lib/action_dispatch/middleware/remote_ip.rb:79:in `call'
actionpack (5.1.6) lib/action_dispatch/middleware/request_id.rb:25:in `call'
rack (2.0.6) lib/rack/method_override.rb:22:in `call'
rack (2.0.6) lib/rack/runtime.rb:22:in `call'
activesupport (5.1.6) lib/active_support/cache/strategy/local_cache_middleware.rb:27:in `call'
actionpack (5.1.6) lib/action_dispatch/middleware/executor.rb:12:in `call'
actionpack (5.1.6) lib/action_dispatch/middleware/static.rb:125:in `call'
rack (2.0.6) lib/rack/sendfile.rb:111:in `call'
railties (5.1.6) lib/rails/engine.rb:522:in `call'
puma (3.12.0) lib/puma/configuration.rb:225:in `call'
puma (3.12.0) lib/puma/server.rb:658:in `handle_request'
puma (3.12.0) lib/puma/server.rb:472:in `process_client'
puma (3.12.0) lib/puma/server.rb:332:in `block in run'
puma (3.12.0) lib/puma/thread_pool.rb:133:in `block in spawn_thread'
  [1m[35m (0.0ms)[0m  [1m[34mSELECT sqlite_version(*)[0m
  [1m[35m (35.1ms)[0m  [1m[35mCREATE TABLE "schema_migrations" ("version" varchar NOT NULL PRIMARY KEY)[0m
  [1m[35m (51.6ms)[0m  [1m[35mCREATE TABLE "ar_internal_metadata" ("key" varchar NOT NULL PRIMARY KEY, "value" varchar, "created_at" datetime NOT NULL, "updated_at" datetime NOT NULL)[0m
  [1m[35m (1.9ms)[0m  [1m[34mSELECT "schema_migrations"."version" FROM "schema_migrations" ORDER BY "schema_migrations"."version" ASC[0m
Migrating to CreateAdventures (20181128045021)
  [1m[35m (0.0ms)[0m  [1m[36mbegin transaction[0m
  [1m[35m (12.6ms)[0m  [1m[35mCREATE TABLE "adventures" ("id" INTEGER PRIMARY KEY AUTOINCREMENT NOT NULL, "name" varchar, "description" text, "creator" varchar, "created_at" datetime NOT NULL, "updated_at" datetime NOT NULL)[0m
  [1m[35mSQL (0.5ms)[0m  [1m[32mINSERT INTO "schema_migrations" ("version") VALUES (?)[0m  [["version", "20181128045021"]]
  [1m[35m (19.0ms)[0m  [1m[36mcommit transaction[0m
  [1m[36mActiveRecord::InternalMetadata Load (1.0ms)[0m  [1m[34mSELECT  "ar_internal_metadata".* FROM "ar_internal_metadata" WHERE "ar_internal_metadata"."key" = ? LIMIT ?[0m  [["key", "environment"], ["LIMIT", 1]]
  [1m[35m (0.9ms)[0m  [1m[36mbegin transaction[0m
  [1m[35mSQL (4.3ms)[0m  [1m[32mINSERT INTO "ar_internal_metadata" ("key", "value", "created_at", "updated_at") VALUES (?, ?, ?, ?)[0m  [["key", "environment"], ["value", "development"], ["created_at", "2018-11-28 04:58:03.370246"], ["updated_at", "2018-11-28 04:58:03.370246"]]
  [1m[35m (19.2ms)[0m  [1m[36mcommit transaction[0m
  [1m[35m (1.2ms)[0m  [1m[34mSELECT "schema_migrations"."version" FROM "schema_migrations" ORDER BY "schema_migrations"."version" ASC[0m
Started GET "/adventures" for 127.0.0.1 at 2018-11-27 20:58:28 -0800
  [1m[35m (0.0ms)[0m  [1m[34mSELECT "schema_migrations"."version" FROM "schema_migrations" ORDER BY "schema_migrations"."version" ASC[0m
Processing by AdventuresController#index as HTML
Completed 500 Internal Server Error in 19ms (ActiveRecord: 0.0ms)


  
NameError (uninitialized constant AdventuresController::Adventures):
  
app/controllers/adventures_controller.rb:3:in `index'
Started GET "/adventures" for 127.0.0.1 at 2018-11-27 21:00:19 -0800
Processing by AdventuresController#index as HTML
Completed 500 Internal Server Error in 257ms


  
NameError (undefined local variable or method `adventures' for #<AdventuresController:0x5d4f3e0>
Did you mean?  adventures_url):
  
app/controllers/adventures_controller.rb:3:in `index'
Started GET "/adventures" for 127.0.0.1 at 2018-11-27 21:01:15 -0800
Processing by AdventuresController#index as HTML
  Rendering adventures/index.html.erb within layouts/application
  Rendered adventures/index.html.erb within layouts/application (1.0ms)
Completed 200 OK in 944ms (Views: 878.5ms)


Started GET "/" for 127.0.0.1 at 2018-11-27 21:01:36 -0800
Processing by PagesController#index as HTML
  Rendering pages/index.html.erb within layouts/application
  Rendered pages/index.html.erb within layouts/application (0.0ms)
Completed 200 OK in 342ms (Views: 292.8ms)


Started GET "/adventures" for 127.0.0.1 at 2018-11-27 21:01:43 -0800
Processing by AdventuresController#index as HTML
  Rendering adventures/index.html.erb within layouts/application
  Rendered adventures/index.html.erb within layouts/application (1.0ms)
Completed 200 OK in 361ms (Views: 299.1ms)


Started GET "/adventures/new" for 127.0.0.1 at 2018-11-27 21:07:07 -0800
Processing by AdventuresController#new as HTML
  Rendering adventures/new.html.erb within layouts/application
  Rendered adventures/new.html.erb within layouts/application (91.4ms)
Completed 500 Internal Server Error in 413ms (ActiveRecord: 9.7ms)


  
ActionView::Template::Error (undefined method `errors' for nil:NilClass):
    1: <h1>Add Adventure</h1>
    2: 
    3: <%= form_for :adventure, url: adventures_path do |f| %>
    4: <% if @post.errors.any? %>
    5:   <% @post.errors.full_messages.each do |msg| %>
    6:     <div class="alert alert-danger"><%= msg %></div>
    7:     <% end %>
  
app/views/adventures/new.html.erb:4:in `block in _app_views_adventures_new_html_erb__1011044805_45567984'
app/views/adventures/new.html.erb:3:in `_app_views_adventures_new_html_erb__1011044805_45567984'
Started GET "/adventures/new" for 127.0.0.1 at 2018-11-27 21:07:36 -0800
Processing by AdventuresController#new as HTML
  Rendering adventures/new.html.erb within layouts/application
  Rendered adventures/new.html.erb within layouts/application (59.3ms)
Completed 500 Internal Server Error in 267ms (ActiveRecord: 0.0ms)


  
ActionView::Template::Error (undefined method `errors' for nil:NilClass):
    1: <h1>Add Adventure</h1>
    2: 
    3: <%= form_for :adventure, url: adventures_path do |f| %>
    4: <% if @post.errors.any? %>
    5:   <% @post.errors.full_messages.each do |msg| %>
    6:     <div class="alert alert-danger"><%= msg %></div>
    7:     <% end %>
  
app/views/adventures/new.html.erb:4:in `block in _app_views_adventures_new_html_erb__1011044805_85897884'
app/views/adventures/new.html.erb:3:in `_app_views_adventures_new_html_erb__1011044805_85897884'
Started GET "/adventures/new" for 127.0.0.1 at 2018-11-27 21:07:51 -0800
Processing by AdventuresController#new as HTML
  Rendering adventures/new.html.erb within layouts/application
  Rendered adventures/new.html.erb within layouts/application (64.6ms)
Completed 500 Internal Server Error in 316ms (ActiveRecord: 0.0ms)


  
ActionView::Template::Error (undefined method `errors' for nil:NilClass):
    1: <h1>Add Adventure</h1>
    2: 
    3: <%= form_for :adventure, url: adventures_path do |f| %>
    4: <% if @post.errors.any? %>
    5:   <% @post.errors.full_messages.each do |msg| %>
    6:     <div class="alert alert-danger"><%= msg %></div>
    7:     <% end %>
  
app/views/adventures/new.html.erb:4:in `block in _app_views_adventures_new_html_erb__1011044805_90069516'
app/views/adventures/new.html.erb:3:in `_app_views_adventures_new_html_erb__1011044805_90069516'
Started GET "/adventures/new" for 127.0.0.1 at 2018-11-27 21:08:27 -0800
Processing by AdventuresController#new as HTML
  Rendering adventures/new.html.erb within layouts/application
  Rendered adventures/new.html.erb within layouts/application (133.1ms)
Completed 500 Internal Server Error in 368ms (ActiveRecord: 0.0ms)


  
ActionView::Template::Error (undefined method `body' for #<Adventure:0xb7fb730>):
    14: 
    15: <p>
    16:   <%= f.label :desciption %><br>
    17:   <%= f.text_area( :body, {:class => 'form-control'}) %>
    18: </p>
    19: 
    20: <p>
  
app/views/adventures/new.html.erb:17:in `block in _app_views_adventures_new_html_erb__1011044805_96457776'
app/views/adventures/new.html.erb:3:in `_app_views_adventures_new_html_erb__1011044805_96457776'
Started GET "/adventures/new" for 127.0.0.1 at 2018-11-27 21:09:05 -0800
Processing by AdventuresController#new as HTML
  Rendering adventures/new.html.erb within layouts/application
  Rendered adventures/new.html.erb within layouts/application (86.9ms)
Completed 500 Internal Server Error in 390ms (ActiveRecord: 0.0ms)


  
ActionView::Template::Error (undefined method `body' for #<Adventure:0xc14e680>):
    14: 
    15: <p>
    16:   <%= f.label :description %><br>
    17:   <%= f.text_area( :body, {:class => 'form-control'}) %>
    18: </p>
    19: 
    20: <p>
  
app/views/adventures/new.html.erb:17:in `block in _app_views_adventures_new_html_erb__1011044805_101346480'
app/views/adventures/new.html.erb:3:in `_app_views_adventures_new_html_erb__1011044805_101346480'
Started GET "/adventures/new" for 127.0.0.1 at 2018-11-27 21:09:30 -0800
Processing by AdventuresController#new as HTML
  Rendering adventures/new.html.erb within layouts/application
  Rendered adventures/new.html.erb within layouts/application (5.2ms)
Completed 200 OK in 365ms (Views: 287.3ms | ActiveRecord: 0.0ms)


Started POST "/adventures" for 127.0.0.1 at 2018-11-27 21:09:49 -0800
Processing by AdventuresController#create as HTML
  Parameters: {"utf8"=>"✓", "authenticity_token"=>"eOI9LLJw2dctA/HSHy/0aKSm/J5RNnrDpAk4z1cbuCBatmaiXrx4XNDIp3PdIUMDFwgRiLHDv6AiwnKo7p5H8g==", "adventure"=>{"name"=>"Adventure 1 \"The OG adventure\"", "description"=>"This is a test adventure", "creator"=>"Walker"}, "commit"=>"Save Adventure"}
  Rendering adventures/create.html.erb within layouts/application
  Rendered adventures/create.html.erb within layouts/application (0.0ms)
Completed 200 OK in 368ms (Views: 314.3ms | ActiveRecord: 0.0ms)


Started GET "/adventures/new" for 127.0.0.1 at 2018-11-27 21:11:56 -0800
Processing by AdventuresController#new as HTML
  Rendering adventures/new.html.erb within layouts/application
  Rendered adventures/new.html.erb within layouts/application (5.1ms)
Completed 200 OK in 404ms (Views: 305.5ms | ActiveRecord: 5.2ms)


Started POST "/adventures" for 127.0.0.1 at 2018-11-27 21:12:01 -0800
Processing by AdventuresController#create as HTML
  Parameters: {"utf8"=>"✓", "authenticity_token"=>"dLsgEUsMYTUs384opuy8hUgd1Bt4IggYcmtFNCI8kXlW73ufp8DAvtEUmIlk4gvu+7M5DZjXzXv0oA9Tm7luqw==", "adventure"=>{"name"=>"test", "description"=>"test", "creator"=>"test"}, "commit"=>"Save Adventure"}
Completed 500 Internal Server Error in 376ms (ActiveRecord: 0.0ms)


  
NameError (undefined local variable or method `adventure_params' for #<AdventuresController:0xa6a0a18>
Did you mean?  adventure_path):
  
app/controllers/adventures_controller.rb:12:in `create'
Started GET "/adventures" for 127.0.0.1 at 2018-11-27 21:13:11 -0800
Processing by AdventuresController#index as HTML
  Rendering adventures/index.html.erb within layouts/application
  Rendered adventures/index.html.erb within layouts/application (1.0ms)
Completed 200 OK in 278ms (Views: 231.5ms)


Started GET "/adventures" for 127.0.0.1 at 2018-11-27 21:14:32 -0800
Processing by AdventuresController#index as HTML
  Rendering adventures/index.html.erb within layouts/application
  [1m[36mAdventure Load (1.0ms)[0m  [1m[34mSELECT "adventures".* FROM "adventures"[0m
  Rendered adventures/index.html.erb within layouts/application (10.1ms)
Completed 200 OK in 423ms (Views: 334.3ms | ActiveRecord: 2.0ms)


Started GET "/adventures" for 127.0.0.1 at 2018-11-27 21:15:06 -0800
Processing by AdventuresController#index as HTML
  Rendering adventures/index.html.erb within layouts/application
  [1m[36mAdventure Load (0.0ms)[0m  [1m[34mSELECT "adventures".* FROM "adventures"[0m
  Rendered adventures/index.html.erb within layouts/application (5.1ms)
Completed 200 OK in 388ms (Views: 332.0ms | ActiveRecord: 0.0ms)


Started GET "/adventures" for 127.0.0.1 at 2018-11-27 21:15:24 -0800
Processing by AdventuresController#index as HTML
  Rendering adventures/index.html.erb within layouts/application
  [1m[36mAdventure Load (1.0ms)[0m  [1m[34mSELECT "adventures".* FROM "adventures"[0m
  Rendered adventures/index.html.erb within layouts/application (8.6ms)
Completed 200 OK in 392ms (Views: 334.2ms | ActiveRecord: 1.0ms)


Started GET "/adventures" for 127.0.0.1 at 2018-11-27 21:18:38 -0800
Processing by AdventuresController#index as HTML
  Rendering adventures/index.html.erb within layouts/application
  [1m[36mAdventure Load (0.0ms)[0m  [1m[34mSELECT "adventures".* FROM "adventures"[0m
  Rendered adventures/index.html.erb within layouts/application (8.7ms)
Completed 200 OK in 458ms (Views: 363.9ms | ActiveRecord: 1.0ms)


Started GET "/adventures/new" for 127.0.0.1 at 2018-11-27 21:18:41 -0800
Processing by AdventuresController#new as HTML
  Rendering adventures/new.html.erb within layouts/application
  Rendered adventures/new.html.erb within layouts/application (3.6ms)
Completed 200 OK in 432ms (Views: 341.9ms | ActiveRecord: 2.3ms)


Started POST "/adventures" for 127.0.0.1 at 2018-11-27 21:18:47 -0800
Processing by AdventuresController#create as HTML
  Parameters: {"utf8"=>"✓", "authenticity_token"=>"rJht/v1HBWPXTL9FTjiwAbdTCTPFa5Ez63e76sDAkOOOzDZwEYuk6CqH6eSMNgdqBP3kJSWeVFBtvPGNeUVvMQ==", "adventure"=>{"name"=>"A", "description"=>"A", "creator"=>"A"}, "commit"=>"Save Adventure"}
Unpermitted parameter: :name
  [1m[35m (0.0ms)[0m  [1m[36mbegin transaction[0m
  [1m[35mSQL (1.6ms)[0m  [1m[32mINSERT INTO "adventures" ("description", "creator", "created_at", "updated_at") VALUES (?, ?, ?, ?)[0m  [["description", "A"], ["creator", "A"], ["created_at", "2018-11-28 05:18:47.746125"], ["updated_at", "2018-11-28 05:18:47.746125"]]
  [1m[35m (12.2ms)[0m  [1m[36mcommit transaction[0m
Redirected to http://localhost:3000/adventures/1
Completed 302 Found in 33ms (ActiveRecord: 13.8ms)


Started GET "/adventures/1" for 127.0.0.1 at 2018-11-27 21:18:47 -0800
Processing by AdventuresController#show as HTML
  Parameters: {"id"=>"1"}
  [1m[36mAdventure Load (1.2ms)[0m  [1m[34mSELECT  "adventures".* FROM "adventures" WHERE "adventures"."id" = ? LIMIT ?[0m  [["id", 1], ["LIMIT", 1]]
  Rendering adventures/show.html.erb within layouts/application
  Rendered adventures/show.html.erb within layouts/application (1.0ms)
Completed 200 OK in 416ms (Views: 326.3ms | ActiveRecord: 1.2ms)


Started GET "/adventures/1" for 127.0.0.1 at 2018-11-27 21:20:08 -0800
Processing by AdventuresController#show as HTML
  Parameters: {"id"=>"1"}
  [1m[36mAdventure Load (4.0ms)[0m  [1m[34mSELECT  "adventures".* FROM "adventures" WHERE "adventures"."id" = ? LIMIT ?[0m  [["id", 1], ["LIMIT", 1]]
  Rendering adventures/show.html.erb within layouts/application
  Rendered adventures/show.html.erb within layouts/application (54.7ms)
Completed 500 Internal Server Error in 331ms (ActiveRecord: 4.0ms)


  
ActionView::Template::Error (undefined method `name' for nil:NilClass):
    1: <h1>Adventure Show Page</h1>
    2: 
    3: <h5>Title: </h5><h2> <%= @adventure.name %> </h2>
    4: <p><h5>Body: </h5> <%= @adventure.description %> </p>
    5: <p><h5>ID: </h5> <%= @adventure.id %> </p>
    6: <p><h5>Creator: </h5> <%= @adventure.creator %> </p>
  
app/views/adventures/show.html.erb:3:in `_app_views_adventures_show_html_erb__640673639_91305036'
Started GET "/adventures/1" for 127.0.0.1 at 2018-11-27 21:21:52 -0800
Processing by AdventuresController#show as HTML
  Parameters: {"id"=>"1"}
  [1m[36mAdventure Load (0.0ms)[0m  [1m[34mSELECT  "adventures".* FROM "adventures" WHERE "adventures"."id" = ? LIMIT ?[0m  [["id", 1], ["LIMIT", 1]]
  Rendering adventures/show.html.erb within layouts/application
  Rendered adventures/show.html.erb within layouts/application (0.0ms)
Completed 200 OK in 415ms (Views: 303.7ms | ActiveRecord: 8.7ms)


Started GET "/adventures/1" for 127.0.0.1 at 2018-11-27 21:22:32 -0800
Processing by AdventuresController#show as HTML
  Parameters: {"id"=>"1"}
  [1m[36mAdventure Load (0.0ms)[0m  [1m[34mSELECT  "adventures".* FROM "adventures" WHERE "adventures"."id" = ? LIMIT ?[0m  [["id", 1], ["LIMIT", 1]]
  Rendering adventures/show.html.erb within layouts/application
  Rendered adventures/show.html.erb within layouts/application (1.7ms)
Completed 200 OK in 460ms (Views: 390.3ms | ActiveRecord: 0.0ms)


Started GET "/adventures/1" for 127.0.0.1 at 2018-11-27 21:23:16 -0800
Processing by AdventuresController#show as HTML
  Parameters: {"id"=>"1"}
  [1m[36mAdventure Load (0.0ms)[0m  [1m[34mSELECT  "adventures".* FROM "adventures" WHERE "adventures"."id" = ? LIMIT ?[0m  [["id", 1], ["LIMIT", 1]]
  Rendering adventures/show.html.erb within layouts/application
  Rendered adventures/show.html.erb within layouts/application (1.0ms)
Completed 200 OK in 343ms (Views: 283.7ms | ActiveRecord: 0.0ms)


Started GET "/adventures/1" for 127.0.0.1 at 2018-11-27 21:23:18 -0800
Processing by AdventuresController#show as HTML
  Parameters: {"id"=>"1"}
  [1m[36mAdventure Load (0.0ms)[0m  [1m[34mSELECT  "adventures".* FROM "adventures" WHERE "adventures"."id" = ? LIMIT ?[0m  [["id", 1], ["LIMIT", 1]]
  Rendering adventures/show.html.erb within layouts/application
  Rendered adventures/show.html.erb within layouts/application (0.0ms)
Completed 200 OK in 272ms (Views: 211.2ms | ActiveRecord: 0.0ms)


